[GIN-debug] [WARNING] Creating an Engine instance with the Logger and Recovery middleware already attached.

[GIN-debug] [WARNING] Running in "debug" mode. Switch to "release" mode in production.
 - using env:	export GIN_MODE=release
 - using code:	gin.SetMode(gin.ReleaseMode)

[GIN-debug] POST   /registration             --> github.com/my/repo/bin.Register (3 handlers)
[GIN-debug] POST   /login                    --> github.com/my/repo/bin.Login (3 handlers)
[GIN-debug] GET    /refresh                  --> github.com/my/repo/bin.Refresh (3 handlers)
[GIN-debug] GET    /logout                   --> github.com/my/repo/bin.Logout (3 handlers)
[GIN-debug] GET    /check                    --> github.com/my/repo/bin.CheckToken (3 handlers)
[GIN-debug] GET    /users                    --> github.com/my/repo/models.GetUsers (3 handlers)
[GIN-debug] GET    /users/:id                --> github.com/my/repo/models.GetUserByID (3 handlers)
[GIN-debug] POST   /users                    --> github.com/my/repo/models.PostUsers (3 handlers)
[GIN-debug] PUT    /users/:id                --> github.com/my/repo/models.PutUsers (3 handlers)
[GIN-debug] DELETE /users/:id                --> github.com/my/repo/models.DeleteUsers (3 handlers)
[GIN-debug] GET    /getcurrentuser           --> github.com/my/repo/models.GetCurrentUser (3 handlers)
[GIN-debug] GET    /roles                    --> github.com/my/repo/models.GetRoles (3 handlers)
[GIN-debug] GET    /roles/:id                --> github.com/my/repo/models.GetRoleByID (3 handlers)
[GIN-debug] POST   /roles                    --> github.com/my/repo/models.PostRole (3 handlers)
[GIN-debug] PUT    /roles/:id                --> github.com/my/repo/models.PutRole (3 handlers)
[GIN-debug] DELETE /roles/:id                --> github.com/my/repo/models.DeleteRole (3 handlers)
[GIN-debug] GET    /cards                    --> github.com/my/repo/models.GetCards (3 handlers)
[GIN-debug] GET    /cards/:id                --> github.com/my/repo/models.GetCardByID (3 handlers)
[GIN-debug] POST   /cards                    --> github.com/my/repo/models.PostCards (3 handlers)
[GIN-debug] PUT    /cards/:id                --> github.com/my/repo/models.PutCards (3 handlers)
[GIN-debug] DELETE /cards/:id                --> github.com/my/repo/models.DeleteCards (3 handlers)
[GIN-debug] GET    /products                 --> github.com/my/repo/models.GetProducts (3 handlers)
[GIN-debug] GET    /products/:id             --> github.com/my/repo/models.GetProductByID (3 handlers)
[GIN-debug] POST   /products                 --> github.com/my/repo/models.PostProduct (3 handlers)
[GIN-debug] PUT    /products/:id             --> github.com/my/repo/models.PutProduct (3 handlers)
[GIN-debug] DELETE /products/:id             --> github.com/my/repo/models.DeleteProduct (3 handlers)
[GIN-debug] GET    /sets                     --> github.com/my/repo/models.GetSets (3 handlers)
[GIN-debug] GET    /sets/:id                 --> github.com/my/repo/models.GetSetByID (3 handlers)
[GIN-debug] POST   /sets                     --> github.com/my/repo/models.PostSet (3 handlers)
[GIN-debug] PUT    /sets/:id                 --> github.com/my/repo/models.PutSet (3 handlers)
[GIN-debug] DELETE /sets/:id                 --> github.com/my/repo/models.DeleteSet (3 handlers)
[GIN-debug] GET    /characteristics          --> github.com/my/repo/models.GetCharacteristics (3 handlers)
[GIN-debug] GET    /characteristics/:id      --> github.com/my/repo/models.GetCharacteristicByID (3 handlers)
[GIN-debug] POST   /characteristics          --> github.com/my/repo/models.PostCharacteristic (3 handlers)
[GIN-debug] PUT    /characteristics/:id      --> github.com/my/repo/models.PutCharacteristic (3 handlers)
[GIN-debug] DELETE /characteristics/:id      --> github.com/my/repo/models.DeleteCharacteristic (3 handlers)
[GIN-debug] GET    /categories               --> github.com/my/repo/models.GetCategories (3 handlers)
[GIN-debug] GET    /categories/:id           --> github.com/my/repo/models.GetCategoryByID (3 handlers)
[GIN-debug] POST   /categories               --> github.com/my/repo/models.PostCategory (3 handlers)
[GIN-debug] PUT    /categories/:id           --> github.com/my/repo/models.PutCategory (3 handlers)
[GIN-debug] DELETE /categories/:id           --> github.com/my/repo/models.DeleteCategory (3 handlers)
[GIN-debug] GET    /carts                    --> github.com/my/repo/models.GetCarts (3 handlers)
[GIN-debug] GET    /statuses                 --> github.com/my/repo/models.GetStatuses (3 handlers)
[GIN-debug] GET    /statuses/:id             --> github.com/my/repo/models.GetStatusByID (3 handlers)
[GIN-debug] POST   /statuses                 --> github.com/my/repo/models.PostStatus (3 handlers)
[GIN-debug] PUT    /statuses/:id             --> github.com/my/repo/models.PutStatus (3 handlers)
[GIN-debug] DELETE /statuses/:id             --> github.com/my/repo/models.DeleteStatus (3 handlers)
[GIN-debug] GET    /orders                   --> github.com/my/repo/models.GetOrders (3 handlers)
[GIN-debug] GET    /orders/:id               --> github.com/my/repo/models.GetOrderByID (3 handlers)
[GIN-debug] POST   /orders                   --> github.com/my/repo/models.PostOrder (3 handlers)
[GIN-debug] PUT    /orders/:id               --> github.com/my/repo/models.PutOrder (3 handlers)
[GIN-debug] DELETE /orders/:id               --> github.com/my/repo/models.DeleteOrder (3 handlers)
[GIN-debug] GET    /positions                --> github.com/my/repo/models.GetOrderPositions (3 handlers)
[GIN-debug] GET    /positions/:id            --> github.com/my/repo/models.GetOrderPositionByID (3 handlers)
[GIN-debug] POST   /positions                --> github.com/my/repo/models.PostOrderPosition (3 handlers)
[GIN-debug] PUT    /positions/:id            --> github.com/my/repo/models.PutOrderPosition (3 handlers)
[GIN-debug] DELETE /positions/:id            --> github.com/my/repo/models.DeleteOrderPosition (3 handlers)
[GIN-debug] [WARNING] You trusted all proxies, this is NOT safe. We recommend you to set a value.
Please check https://pkg.go.dev/github.com/gin-gonic/gin#readme-don-t-trust-all-proxies for details.
[GIN-debug] Listening and serving HTTP on localhost:8079
[GIN] 2024/03/06 - 10:21:06 | 200 |    290.3036ms |       127.0.0.1 | POST     "/login"
[GIN] 2024/03/06 - 10:21:06 | 200 |      7.5064ms |       127.0.0.1 | GET      "/products"
[GIN] 2024/03/06 - 10:21:06 | 200 |      3.1995ms |       127.0.0.1 | GET      "/users"
[GIN] 2024/03/06 - 10:21:07 | 200 |      3.5771ms |       127.0.0.1 | GET      "/products"
[GIN] 2024/03/06 - 10:21:07 | 200 |      4.2017ms |       127.0.0.1 | GET      "/characteristics"
[GIN] 2024/03/06 - 10:21:07 | 200 |       512.8µs |       127.0.0.1 | GET      "/categories"
[GIN] 2024/03/06 - 10:21:07 | 200 |       545.7µs |       127.0.0.1 | GET      "/roles"
[GIN] 2024/03/06 - 10:21:07 | 200 |      1.5681ms |       127.0.0.1 | GET      "/users"
[GIN] 2024/03/06 - 10:21:07 | 500 |      1.0387ms |       127.0.0.1 | GET      "/carts"
[GIN] 2024/03/06 - 10:21:07 | 200 |      1.0418ms |       127.0.0.1 | GET      "/statuses"
[GIN] 2024/03/06 - 10:21:07 | 200 |       503.9µs |       127.0.0.1 | GET      "/orders"
[GIN] 2024/03/06 - 10:21:07 | 200 |       503.4µs |       127.0.0.1 | GET      "/positions"
[GIN] 2024/03/06 - 10:21:14 | 200 |        2.06ms |       127.0.0.1 | GET      "/users"
